Arguments: 
  C:\Program Files\nodejs\node.exe C:\Program Files (x86)\Yarn\bin\yarn.js install

PATH: 
  C:\PROGRAM FILES\DELL\DW WLAN CARD;C:\PROGRAM FILES (X86)\INTEL\ICLS CLIENT\;C:\PROGRAM FILES\INTEL\ICLS CLIENT\;C:\WINDOWS\SYSTEM32;C:\WINDOWS;C:\WINDOWS\SYSTEM32\WBEM;C:\WINDOWS\SYSTEM32\WINDOWSPOWERSHELL\V1.0\;C:\WINDOWS\SYSTEM32\OPENSSH\;C:\PROGRAM FILES (X86)\INTEL\INTEL(R) MANAGEMENT ENGINE COMPONENTS\DAL;C:\PROGRAM FILES\INTEL\INTEL(R) MANAGEMENT ENGINE COMPONENTS\DAL;C:\PROGRAM FILES (X86)\INTEL\INTEL(R) MANAGEMENT ENGINE COMPONENTS\IPT;C:\PROGRAM FILES\INTEL\INTEL(R) MANAGEMENT ENGINE COMPONENTS\IPT;C:\PROGRAM FILES (X86)\NVIDIA CORPORATION\PHYSX\COMMON;C:\Program Files\Git\cmd;C:\Program Files\nodejs\;C:\Program Files\Docker\Docker\resources\bin;C:\ProgramData\DockerDesktop\version-bin;C:\Program Files (x86)\Yarn\bin\;C:\ProgramData\chocolatey\bin;C:\Users\planetxiangd33\AppData\Local\Microsoft\WindowsApps;C:\Users\planetxiangd33\AppData\Roaming\npm;C:\Users\planetxiangd33\AppData\Local\Programs\Microsoft VS Code\bin;C:\Users\planetxiangd33\AppData\Local\GitHubDesktop\bin;C:\Users\planetxiangd33\AppData\Local\Yarn\bin

Yarn version: 
  1.22.19

Node version: 
  18.12.1

Platform: 
  win32 x64

Trace: 
  Error: ENOENT: no such file or directory, open 'C:\Users\planetxiangd33\AppData\Local\Yarn\Cache\v6\npm-rxjs-7.8.0-90a938862a82888ff4c7359811a595e14e1e09a4-integrity\node_modules\rxjs\.yarn-metadata.json'

npm manifest: 
  {
    "name": "demo-parse-server-migration",
    "version": "1.1.0",
    "main": "dist/index.js",
    "private": true,
    "dependencies": {
      "@codemirror/language": "^0.20.0",
      "@moralisweb3/common-core": "^2.11.0",
      "@moralisweb3/parse-server": "2.11.0",
      "cors": "^2.8.5",
      "dotenv": "^16.0.1",
      "envalid": "7.3.1",
      "express": "^4.18.1",
      "express-rate-limit": "^6.5.1",
      "graphql": "^16.6.0",
      "graphql-ws": "^5.10.1",
      "moralis": "^2.11.0",
      "ngrok": "^4.3.3",
      "parse-server": "^5.2.7"
    },
    "devDependencies": {
      "@moralisweb3/eslint-config": "^1.0.1",
      "@types/cors": "^2.8.13",
      "@types/node": "^18.11.11",
      "@typescript-eslint/eslint-plugin": "^5.45.1",
      "@typescript-eslint/parser": "^5.45.1",
      "axios": "^1.2.1",
      "eslint": "^8.29.0",
      "eslint-plugin-etc": "^2.0.2",
      "eslint-plugin-import": "^2.26.0",
      "mongodb-runner": "^4.9.0",
      "prettier": "^2.8.0",
      "ts-node": "^10.9.1",
      "typescript": "^4.9.3"
    },
    "scripts": {
      "dev": "ts-node src/index.ts",
      "start": "node build/index.js",
      "build": "tsc",
      "lint": "eslint --ext .js,.ts .",
      "format": "prettier --write 'src/**/*.{js,ts}'",
      "dev:db-start": "mongodb-runner start",
      "dev:db-stop": "mongodb-runner stop",
      "gen:cloud": "ts-node ./scripts/generateCloudCode.ts",
      "tsc": "tsc"
    }
  }

yarn manifest: 
  No manifest

Lockfile: 
  No lockfile
